\BOOKMARK [0][-]{chapter*.5}{List of Figures}{}% 1
\BOOKMARK [0][-]{chapter*.6}{List of Tables}{}% 2
\BOOKMARK [0][-]{chapter*.8}{Acronyms}{}% 3
\BOOKMARK [0][-]{chapter.1}{Introduction}{}% 4
\BOOKMARK [1][-]{section.1.1}{Context and motivation}{chapter.1}% 5
\BOOKMARK [1][-]{section.1.2}{Objectives}{chapter.1}% 6
\BOOKMARK [1][-]{section.1.3}{Methodology}{chapter.1}% 7
\BOOKMARK [1][-]{section.1.4}{Project structure}{chapter.1}% 8
\BOOKMARK [0][-]{chapter.2}{Infrastructure}{}% 9
\BOOKMARK [1][-]{section.2.1}{Keras framework}{chapter.2}% 10
\BOOKMARK [2][-]{subsection.2.1.1}{Models}{section.2.1}% 11
\BOOKMARK [2][-]{subsection.2.1.2}{Layers}{section.2.1}% 12
\BOOKMARK [2][-]{subsection.2.1.3}{Callbacks}{section.2.1}% 13
\BOOKMARK [2][-]{subsection.2.1.4}{Image preprocessing}{section.2.1}% 14
\BOOKMARK [2][-]{subsection.2.1.5}{Utils}{section.2.1}% 15
\BOOKMARK [1][-]{section.2.2}{HDF5 file format}{chapter.2}% 16
\BOOKMARK [1][-]{section.2.3}{Scikit-learn and Octave}{chapter.2}% 17
\BOOKMARK [1][-]{section.2.4}{JdeRobot framework}{chapter.2}% 18
\BOOKMARK [1][-]{section.2.5}{DroidCam}{chapter.2}% 19
\BOOKMARK [0][-]{chapter.3}{Digit classifier}{}% 20
\BOOKMARK [1][-]{section.3.1}{Understanding the Keras model}{chapter.3}% 21
\BOOKMARK [2][-]{subsection.3.1.1}{Adapting data}{section.3.1}% 22
\BOOKMARK [2][-]{subsection.3.1.2}{Model architecture}{section.3.1}% 23
\BOOKMARK [2][-]{subsection.3.1.3}{Compiling the model}{section.3.1}% 24
\BOOKMARK [2][-]{subsection.3.1.4}{Training the model}{section.3.1}% 25
\BOOKMARK [2][-]{subsection.3.1.5}{Testing the model}{section.3.1}% 26
\BOOKMARK [1][-]{section.3.2}{JdeRobot component}{chapter.3}% 27
\BOOKMARK [2][-]{subsection.3.2.1}{Design}{section.3.2}% 28
\BOOKMARK [2][-]{subsection.3.2.2}{Camera class}{section.3.2}% 29
\BOOKMARK [2][-]{subsection.3.2.3}{GUI class}{section.3.2}% 30
\BOOKMARK [2][-]{subsection.3.2.4}{Threads}{section.3.2}% 31
\BOOKMARK [2][-]{subsection.3.2.5}{Main program}{section.3.2}% 32
\BOOKMARK [0][-]{chapter.4}{Test bench}{}% 33
\BOOKMARK [1][-]{section.4.1}{Datasets}{chapter.4}% 34
\BOOKMARK [2][-]{subsection.4.1.1}{Original dataset}{section.4.1}% 35
\BOOKMARK [2][-]{subsection.4.1.2}{Gradient images}{section.4.1}% 36
\BOOKMARK [2][-]{subsection.4.1.3}{Data augmentation}{section.4.1}% 37
\BOOKMARK [1][-]{section.4.2}{Measuring performance}{chapter.4}% 38
\BOOKMARK [2][-]{subsection.4.2.1}{CustomEvaluation class}{section.4.2}% 39
\BOOKMARK [2][-]{subsection.4.2.2}{Octave function}{section.4.2}% 40
\BOOKMARK [1][-]{section.4.3}{Convolutional layers visualization}{chapter.4}% 41
\BOOKMARK [2][-]{subsection.4.3.1}{Filters}{section.4.3}% 42
\BOOKMARK [2][-]{subsection.4.3.2}{Activation maps}{section.4.3}% 43
\BOOKMARK [0][-]{chapter.5}{Evaluation}{}% 44
\BOOKMARK [1][-]{section.5.1}{Convolutional layers visualization}{chapter.5}% 45
\BOOKMARK [2][-]{subsection.5.1.1}{Filters}{section.5.1}% 46
\BOOKMARK [2][-]{subsection.5.1.2}{Activation maps}{section.5.1}% 47
\BOOKMARK [1][-]{section.5.2}{Augmented datasets}{chapter.5}% 48
\BOOKMARK [1][-]{section.5.3}{Regularization methods}{chapter.5}% 49
\BOOKMARK [2][-]{subsection.5.3.1}{Early stopping}{section.5.3}% 50
\BOOKMARK [2][-]{subsection.5.3.2}{Dropout}{section.5.3}% 51
\BOOKMARK [1][-]{section.5.4}{New architectures}{chapter.5}% 52
\BOOKMARK [0][-]{chapter.6}{Conclusions}{}% 53
\BOOKMARK [1][-]{section.6.1}{Conclusions}{chapter.6}% 54
\BOOKMARK [1][-]{section.6.2}{Future works}{chapter.6}% 55
\BOOKMARK [0][-]{figure.caption.55}{Bibliography}{}% 56
