This is pdfTeX, Version 3.14159265-2.6-1.40.16 (TeX Live 2015/Debian) (preloaded format=pdflatex 2017.5.12)  9 JUL 2017 21:28
entering extended mode
 restricted \write18 enabled.
 %&-line parsing enabled.
**Report.tex
(./Report.tex
LaTeX2e <2016/02/01>
Babel <3.9q> and hyphenation patterns for 6 language(s) loaded.
(/usr/share/texlive/texmf-dist/tex/latex/base/book.cls
Document Class: book 2014/09/29 v1.4h Standard LaTeX document class
(/usr/share/texlive/texmf-dist/tex/latex/base/bk12.clo
File: bk12.clo 2014/09/29 v1.4h Standard LaTeX file (size option)
)
\c@part=\count79
\c@chapter=\count80
\c@section=\count81
\c@subsection=\count82
\c@subsubsection=\count83
\c@paragraph=\count84
\c@subparagraph=\count85
\c@figure=\count86
\c@table=\count87
\abovecaptionskip=\skip41
\belowcaptionskip=\skip42
\bibindent=\dimen102
)
(/usr/share/texlive/texmf-dist/tex/latex/base/inputenc.sty
Package: inputenc 2015/03/17 v1.2c Input encoding file
\inpenc@prehook=\toks14
\inpenc@posthook=\toks15

(/usr/share/texlive/texmf-dist/tex/latex/base/utf8.def
File: utf8.def 2015/12/03 v1.1r UTF-8 support for inputenc
Now handling font encoding OML ...
... no UTF-8 mapping file for font encoding OML
Now handling font encoding T1 ...
... processing UTF-8 mapping file for font encoding T1

(/usr/share/texlive/texmf-dist/tex/latex/base/t1enc.dfu
File: t1enc.dfu 2015/12/03 v1.1r UTF-8 support for inputenc
   defining Unicode char U+00A0 (decimal 160)
   defining Unicode char U+00A1 (decimal 161)
   defining Unicode char U+00A3 (decimal 163)
   defining Unicode char U+00AB (decimal 171)
   defining Unicode char U+00AD (decimal 173)
   defining Unicode char U+00BB (decimal 187)
   defining Unicode char U+00BF (decimal 191)
   defining Unicode char U+00C0 (decimal 192)
   defining Unicode char U+00C1 (decimal 193)
   defining Unicode char U+00C2 (decimal 194)
   defining Unicode char U+00C3 (decimal 195)
   defining Unicode char U+00C4 (decimal 196)
   defining Unicode char U+00C5 (decimal 197)
   defining Unicode char U+00C6 (decimal 198)
   defining Unicode char U+00C7 (decimal 199)
   defining Unicode char U+00C8 (decimal 200)
   defining Unicode char U+00C9 (decimal 201)
   defining Unicode char U+00CA (decimal 202)
   defining Unicode char U+00CB (decimal 203)
   defining Unicode char U+00CC (decimal 204)
   defining Unicode char U+00CD (decimal 205)
   defining Unicode char U+00CE (decimal 206)
   defining Unicode char U+00CF (decimal 207)
   defining Unicode char U+00D0 (decimal 208)
   defining Unicode char U+00D1 (decimal 209)
   defining Unicode char U+00D2 (decimal 210)
   defining Unicode char U+00D3 (decimal 211)
   defining Unicode char U+00D4 (decimal 212)
   defining Unicode char U+00D5 (decimal 213)
   defining Unicode char U+00D6 (decimal 214)
   defining Unicode char U+00D8 (decimal 216)
   defining Unicode char U+00D9 (decimal 217)
   defining Unicode char U+00DA (decimal 218)
   defining Unicode char U+00DB (decimal 219)
   defining Unicode char U+00DC (decimal 220)
   defining Unicode char U+00DD (decimal 221)
   defining Unicode char U+00DE (decimal 222)
   defining Unicode char U+00DF (decimal 223)
   defining Unicode char U+00E0 (decimal 224)
   defining Unicode char U+00E1 (decimal 225)
   defining Unicode char U+00E2 (decimal 226)
   defining Unicode char U+00E3 (decimal 227)
   defining Unicode char U+00E4 (decimal 228)
   defining Unicode char U+00E5 (decimal 229)
   defining Unicode char U+00E6 (decimal 230)
   defining Unicode char U+00E7 (decimal 231)
   defining Unicode char U+00E8 (decimal 232)
   defining Unicode char U+00E9 (decimal 233)
   defining Unicode char U+00EA (decimal 234)
   defining Unicode char U+00EB (decimal 235)
   defining Unicode char U+00EC (decimal 236)
   defining Unicode char U+00ED (decimal 237)
   defining Unicode char U+00EE (decimal 238)
   defining Unicode char U+00EF (decimal 239)
   defining Unicode char U+00F0 (decimal 240)
   defining Unicode char U+00F1 (decimal 241)
   defining Unicode char U+00F2 (decimal 242)
   defining Unicode char U+00F3 (decimal 243)
   defining Unicode char U+00F4 (decimal 244)
   defining Unicode char U+00F5 (decimal 245)
   defining Unicode char U+00F6 (decimal 246)
   defining Unicode char U+00F8 (decimal 248)
   defining Unicode char U+00F9 (decimal 249)
   defining Unicode char U+00FA (decimal 250)
   defining Unicode char U+00FB (decimal 251)
   defining Unicode char U+00FC (decimal 252)
   defining Unicode char U+00FD (decimal 253)
   defining Unicode char U+00FE (decimal 254)
   defining Unicode char U+00FF (decimal 255)
   defining Unicode char U+0100 (decimal 256)
   defining Unicode char U+0101 (decimal 257)
   defining Unicode char U+0102 (decimal 258)
   defining Unicode char U+0103 (decimal 259)
   defining Unicode char U+0104 (decimal 260)
   defining Unicode char U+0105 (decimal 261)
   defining Unicode char U+0106 (decimal 262)
   defining Unicode char U+0107 (decimal 263)
   defining Unicode char U+0108 (decimal 264)
   defining Unicode char U+0109 (decimal 265)
   defining Unicode char U+010A (decimal 266)
   defining Unicode char U+010B (decimal 267)
   defining Unicode char U+010C (decimal 268)
   defining Unicode char U+010D (decimal 269)
   defining Unicode char U+010E (decimal 270)
   defining Unicode char U+010F (decimal 271)
   defining Unicode char U+0110 (decimal 272)
   defining Unicode char U+0111 (decimal 273)
   defining Unicode char U+0112 (decimal 274)
   defining Unicode char U+0113 (decimal 275)
   defining Unicode char U+0114 (decimal 276)
   defining Unicode char U+0115 (decimal 277)
   defining Unicode char U+0116 (decimal 278)
   defining Unicode char U+0117 (decimal 279)
   defining Unicode char U+0118 (decimal 280)
   defining Unicode char U+0119 (decimal 281)
   defining Unicode char U+011A (decimal 282)
   defining Unicode char U+011B (decimal 283)
   defining Unicode char U+011C (decimal 284)
   defining Unicode char U+011D (decimal 285)
   defining Unicode char U+011E (decimal 286)
   defining Unicode char U+011F (decimal 287)
   defining Unicode char U+0120 (decimal 288)
   defining Unicode char U+0121 (decimal 289)
   defining Unicode char U+0122 (decimal 290)
   defining Unicode char U+0123 (decimal 291)
   defining Unicode char U+0124 (decimal 292)
   defining Unicode char U+0125 (decimal 293)
   defining Unicode char U+0128 (decimal 296)
   defining Unicode char U+0129 (decimal 297)
   defining Unicode char U+012A (decimal 298)
   defining Unicode char U+012B (decimal 299)
   defining Unicode char U+012C (decimal 300)
   defining Unicode char U+012D (decimal 301)
   defining Unicode char U+012E (decimal 302)
   defining Unicode char U+012F (decimal 303)
   defining Unicode char U+0130 (decimal 304)
   defining Unicode char U+0131 (decimal 305)
   defining Unicode char U+0132 (decimal 306)
   defining Unicode char U+0133 (decimal 307)
   defining Unicode char U+0134 (decimal 308)
   defining Unicode char U+0135 (decimal 309)
   defining Unicode char U+0136 (decimal 310)
   defining Unicode char U+0137 (decimal 311)
   defining Unicode char U+0139 (decimal 313)
   defining Unicode char U+013A (decimal 314)
   defining Unicode char U+013B (decimal 315)
   defining Unicode char U+013C (decimal 316)
   defining Unicode char U+013D (decimal 317)
   defining Unicode char U+013E (decimal 318)
   defining Unicode char U+0141 (decimal 321)
   defining Unicode char U+0142 (decimal 322)
   defining Unicode char U+0143 (decimal 323)
   defining Unicode char U+0144 (decimal 324)
   defining Unicode char U+0145 (decimal 325)
   defining Unicode char U+0146 (decimal 326)
   defining Unicode char U+0147 (decimal 327)
   defining Unicode char U+0148 (decimal 328)
   defining Unicode char U+014A (decimal 330)
   defining Unicode char U+014B (decimal 331)
   defining Unicode char U+014C (decimal 332)
   defining Unicode char U+014D (decimal 333)
   defining Unicode char U+014E (decimal 334)
   defining Unicode char U+014F (decimal 335)
   defining Unicode char U+0150 (decimal 336)
   defining Unicode char U+0151 (decimal 337)
   defining Unicode char U+0152 (decimal 338)
   defining Unicode char U+0153 (decimal 339)
   defining Unicode char U+0154 (decimal 340)
   defining Unicode char U+0155 (decimal 341)
   defining Unicode char U+0156 (decimal 342)
   defining Unicode char U+0157 (decimal 343)
   defining Unicode char U+0158 (decimal 344)
   defining Unicode char U+0159 (decimal 345)
   defining Unicode char U+015A (decimal 346)
   defining Unicode char U+015B (decimal 347)
   defining Unicode char U+015C (decimal 348)
   defining Unicode char U+015D (decimal 349)
   defining Unicode char U+015E (decimal 350)
   defining Unicode char U+015F (decimal 351)
   defining Unicode char U+0160 (decimal 352)
   defining Unicode char U+0161 (decimal 353)
   defining Unicode char U+0162 (decimal 354)
   defining Unicode char U+0163 (decimal 355)
   defining Unicode char U+0164 (decimal 356)
   defining Unicode char U+0165 (decimal 357)
   defining Unicode char U+0168 (decimal 360)
   defining Unicode char U+0169 (decimal 361)
   defining Unicode char U+016A (decimal 362)
   defining Unicode char U+016B (decimal 363)
   defining Unicode char U+016C (decimal 364)
   defining Unicode char U+016D (decimal 365)
   defining Unicode char U+016E (decimal 366)
   defining Unicode char U+016F (decimal 367)
   defining Unicode char U+0170 (decimal 368)
   defining Unicode char U+0171 (decimal 369)
   defining Unicode char U+0172 (decimal 370)
   defining Unicode char U+0173 (decimal 371)
   defining Unicode char U+0174 (decimal 372)
   defining Unicode char U+0175 (decimal 373)
   defining Unicode char U+0176 (decimal 374)
   defining Unicode char U+0177 (decimal 375)
   defining Unicode char U+0178 (decimal 376)
   defining Unicode char U+0179 (decimal 377)
   defining Unicode char U+017A (decimal 378)
   defining Unicode char U+017B (decimal 379)
   defining Unicode char U+017C (decimal 380)
   defining Unicode char U+017D (decimal 381)
   defining Unicode char U+017E (decimal 382)
   defining Unicode char U+01CD (decimal 461)
   defining Unicode char U+01CE (decimal 462)
   defining Unicode char U+01CF (decimal 463)
   defining Unicode char U+01D0 (decimal 464)
   defining Unicode char U+01D1 (decimal 465)
   defining Unicode char U+01D2 (decimal 466)
   defining Unicode char U+01D3 (decimal 467)
   defining Unicode char U+01D4 (decimal 468)
   defining Unicode char U+01E2 (decimal 482)
   defining Unicode char U+01E3 (decimal 483)
   defining Unicode char U+01E6 (decimal 486)
   defining Unicode char U+01E7 (decimal 487)
   defining Unicode char U+01E8 (decimal 488)
   defining Unicode char U+01E9 (decimal 489)
   defining Unicode char U+01EA (decimal 490)
   defining Unicode char U+01EB (decimal 491)
   defining Unicode char U+01F0 (decimal 496)
   defining Unicode char U+01F4 (decimal 500)
   defining Unicode char U+01F5 (decimal 501)
   defining Unicode char U+0218 (decimal 536)
   defining Unicode char U+0219 (decimal 537)
   defining Unicode char U+021A (decimal 538)
   defining Unicode char U+021B (decimal 539)
   defining Unicode char U+01E02 (decimal 7682)
   defining Unicode char U+01E03 (decimal 7683)
   defining Unicode char U+200C (decimal 8204)
   defining Unicode char U+2013 (decimal 8211)
   defining Unicode char U+2014 (decimal 8212)
   defining Unicode char U+2018 (decimal 8216)
   defining Unicode char U+2019 (decimal 8217)
   defining Unicode char U+201A (decimal 8218)
   defining Unicode char U+201C (decimal 8220)
   defining Unicode char U+201D (decimal 8221)
   defining Unicode char U+201E (decimal 8222)
   defining Unicode char U+2030 (decimal 8240)
   defining Unicode char U+2031 (decimal 8241)
   defining Unicode char U+2039 (decimal 8249)
   defining Unicode char U+203A (decimal 8250)
   defining Unicode char U+2423 (decimal 9251)
)
Now handling font encoding OT1 ...
... processing UTF-8 mapping file for font encoding OT1

(/usr/share/texlive/texmf-dist/tex/latex/base/ot1enc.dfu
File: ot1enc.dfu 2015/12/03 v1.1r UTF-8 support for inputenc
   defining Unicode char U+00A0 (decimal 160)
   defining Unicode char U+00A1 (decimal 161)
   defining Unicode char U+00A3 (decimal 163)
   defining Unicode char U+00AD (decimal 173)
   defining Unicode char U+00B8 (decimal 184)
   defining Unicode char U+00BF (decimal 191)
   defining Unicode char U+00C5 (decimal 197)
   defining Unicode char U+00C6 (decimal 198)
   defining Unicode char U+00D8 (decimal 216)
   defining Unicode char U+00DF (decimal 223)
   defining Unicode char U+00E6 (decimal 230)
   defining Unicode char U+00EC (decimal 236)
   defining Unicode char U+00ED (decimal 237)
   defining Unicode char U+00EE (decimal 238)
   defining Unicode char U+00EF (decimal 239)
   defining Unicode char U+00F8 (decimal 248)
   defining Unicode char U+0131 (decimal 305)
   defining Unicode char U+0141 (decimal 321)
   defining Unicode char U+0142 (decimal 322)
   defining Unicode char U+0152 (decimal 338)
   defining Unicode char U+0153 (decimal 339)
   defining Unicode char U+0174 (decimal 372)
   defining Unicode char U+0175 (decimal 373)
   defining Unicode char U+0176 (decimal 374)
   defining Unicode char U+0177 (decimal 375)
   defining Unicode char U+0218 (decimal 536)
   defining Unicode char U+0219 (decimal 537)
   defining Unicode char U+021A (decimal 538)
   defining Unicode char U+021B (decimal 539)
   defining Unicode char U+2013 (decimal 8211)
   defining Unicode char U+2014 (decimal 8212)
   defining Unicode char U+2018 (decimal 8216)
   defining Unicode char U+2019 (decimal 8217)
   defining Unicode char U+201C (decimal 8220)
   defining Unicode char U+201D (decimal 8221)
)
Now handling font encoding OMS ...
... processing UTF-8 mapping file for font encoding OMS

(/usr/share/texlive/texmf-dist/tex/latex/base/omsenc.dfu
File: omsenc.dfu 2015/12/03 v1.1r UTF-8 support for inputenc
   defining Unicode char U+00A7 (decimal 167)
   defining Unicode char U+00B6 (decimal 182)
   defining Unicode char U+00B7 (decimal 183)
   defining Unicode char U+2020 (decimal 8224)
   defining Unicode char U+2021 (decimal 8225)
   defining Unicode char U+2022 (decimal 8226)
)
Now handling font encoding OMX ...
... no UTF-8 mapping file for font encoding OMX
Now handling font encoding U ...
... no UTF-8 mapping file for font encoding U
   defining Unicode char U+00A9 (decimal 169)
   defining Unicode char U+00AA (decimal 170)
   defining Unicode char U+00AE (decimal 174)
   defining Unicode char U+00BA (decimal 186)
   defining Unicode char U+02C6 (decimal 710)
   defining Unicode char U+02DC (decimal 732)
   defining Unicode char U+200C (decimal 8204)
   defining Unicode char U+2026 (decimal 8230)
   defining Unicode char U+2122 (decimal 8482)
   defining Unicode char U+2423 (decimal 9251)
))
(/usr/share/texmf/tex/latex/lm/lmodern.sty
Package: lmodern 2009/10/30 v1.6 Latin Modern Fonts
LaTeX Font Info:    Overwriting symbol font `operators' in version `normal'
(Font)                  OT1/cmr/m/n --> OT1/lmr/m/n on input line 22.
LaTeX Font Info:    Overwriting symbol font `letters' in version `normal'
(Font)                  OML/cmm/m/it --> OML/lmm/m/it on input line 23.
LaTeX Font Info:    Overwriting symbol font `symbols' in version `normal'
(Font)                  OMS/cmsy/m/n --> OMS/lmsy/m/n on input line 24.
LaTeX Font Info:    Overwriting symbol font `largesymbols' in version `normal'
(Font)                  OMX/cmex/m/n --> OMX/lmex/m/n on input line 25.
LaTeX Font Info:    Overwriting symbol font `operators' in version `bold'
(Font)                  OT1/cmr/bx/n --> OT1/lmr/bx/n on input line 26.
LaTeX Font Info:    Overwriting symbol font `letters' in version `bold'
(Font)                  OML/cmm/b/it --> OML/lmm/b/it on input line 27.
LaTeX Font Info:    Overwriting symbol font `symbols' in version `bold'
(Font)                  OMS/cmsy/b/n --> OMS/lmsy/b/n on input line 28.
LaTeX Font Info:    Overwriting symbol font `largesymbols' in version `bold'
(Font)                  OMX/cmex/m/n --> OMX/lmex/m/n on input line 29.
LaTeX Font Info:    Overwriting math alphabet `\mathbf' in version `normal'
(Font)                  OT1/cmr/bx/n --> OT1/lmr/bx/n on input line 31.
LaTeX Font Info:    Overwriting math alphabet `\mathsf' in version `normal'
(Font)                  OT1/cmss/m/n --> OT1/lmss/m/n on input line 32.
LaTeX Font Info:    Overwriting math alphabet `\mathit' in version `normal'
(Font)                  OT1/cmr/m/it --> OT1/lmr/m/it on input line 33.
LaTeX Font Info:    Overwriting math alphabet `\mathtt' in version `normal'
(Font)                  OT1/cmtt/m/n --> OT1/lmtt/m/n on input line 34.
LaTeX Font Info:    Overwriting math alphabet `\mathbf' in version `bold'
(Font)                  OT1/cmr/bx/n --> OT1/lmr/bx/n on input line 35.
LaTeX Font Info:    Overwriting math alphabet `\mathsf' in version `bold'
(Font)                  OT1/cmss/bx/n --> OT1/lmss/bx/n on input line 36.
LaTeX Font Info:    Overwriting math alphabet `\mathit' in version `bold'
(Font)                  OT1/cmr/bx/it --> OT1/lmr/bx/it on input line 37.
LaTeX Font Info:    Overwriting math alphabet `\mathtt' in version `bold'
(Font)                  OT1/cmtt/m/n --> OT1/lmtt/m/n on input line 38.
)
(/usr/share/texlive/texmf-dist/tex/latex/tools/layout.sty
Package: layout 2014/10/28 v1.2c Show layout parameters
\oneinch=\count88
\cnt@paperwidth=\count89
\cnt@paperheight=\count90
\cnt@hoffset=\count91
\cnt@voffset=\count92
\cnt@textheight=\count93
\cnt@textwidth=\count94
\cnt@topmargin=\count95
\cnt@oddsidemargin=\count96
\cnt@evensidemargin=\count97
\cnt@headheight=\count98
\cnt@headsep=\count99
\cnt@marginparsep=\count100
\cnt@marginparwidth=\count101
\cnt@marginparpush=\count102
\cnt@footskip=\count103
\fheight=\count104
\ref@top=\count105
\ref@hoffset=\count106
\ref@voffset=\count107
\ref@head=\count108
\ref@body=\count109
\ref@foot=\count110
\ref@margin=\count111
\ref@marginwidth=\count112
\ref@marginpar=\count113
\Interval=\count114
\ExtraYPos=\count115
\PositionX=\count116
\PositionY=\count117
\ArrowLength=\count118
)
(/usr/share/texlive/texmf-dist/tex/latex/emptypage/emptypage.sty
Package: emptypage 2010/05/30 v1.2 Suppress page numbers and headings on empty 
pages
)
(/usr/share/texlive/texmf-dist/tex/latex/fancyhdr/fancyhdr.sty
\fancy@headwidth=\skip43
\f@ncyO@elh=\skip44
\f@ncyO@erh=\skip45
\f@ncyO@olh=\skip46
\f@ncyO@orh=\skip47
\f@ncyO@elf=\skip48
\f@ncyO@erf=\skip49
\f@ncyO@olf=\skip50
\f@ncyO@orf=\skip51
)
(/usr/share/texlive/texmf-dist/tex/latex/fancyref/fancyref.sty
Package: fancyref 1999/02/03 v0.9c Fancy cross-referencing

(/usr/share/texlive/texmf-dist/tex/latex/tools/varioref.sty
Package: varioref 2015/09/22 v1.5b package for extended references (FMi)
\c@vrcnt=\count119
))
(/usr/share/texlive/texmf-dist/tex/latex/fancyvrb/fancyvrb.sty
Package: fancyvrb 2008/02/07

Style option: `fancyvrb' v2.7a, with DG/SPQR fixes, and firstline=lastline fix 
<2008/02/07> (tvz) (/usr/share/texlive/texmf-dist/tex/latex/graphics/keyval.sty
Package: keyval 2014/10/28 v1.15 key=value parser (DPC)
\KV@toks@=\toks16
)
\FV@CodeLineNo=\count120
\FV@InFile=\read1
\FV@TabBox=\box26
\c@FancyVerbLine=\count121
\FV@StepNumber=\count122
\FV@OutFile=\write3
) (/usr/share/texlive/texmf-dist/tex/latex/caption/subcaption.sty
Package: subcaption 2016/02/20 v1.1-142 Sub-captions (AR)

(/usr/share/texlive/texmf-dist/tex/latex/caption/caption.sty
Package: caption 2016/02/21 v3.3-144 Customizing captions (AR)

(/usr/share/texlive/texmf-dist/tex/latex/caption/caption3.sty
Package: caption3 2016/02/04 v1.7-139 caption3 kernel (AR)
Package caption3 Info: TeX engine: e-TeX on input line 67.
\captionmargin=\dimen103
\captionmargin@=\dimen104
\captionwidth=\dimen105
\caption@tempdima=\dimen106
\caption@indent=\dimen107
\caption@parindent=\dimen108
\caption@hangindent=\dimen109
)
\c@ContinuedFloat=\count123
)
\c@subfigure=\count124
\c@subtable=\count125
)
(/usr/share/texlive/texmf-dist/tex/latex/mathtools/mathtools.sty
Package: mathtools 2015/11/12 v1.18 mathematical typesetting tools

(/usr/share/texlive/texmf-dist/tex/latex/tools/calc.sty
Package: calc 2014/10/28 v4.3 Infix arithmetic (KKT,FJ)
\calc@Acount=\count126
\calc@Bcount=\count127
\calc@Adimen=\dimen110
\calc@Bdimen=\dimen111
\calc@Askip=\skip52
\calc@Bskip=\skip53
LaTeX Info: Redefining \setlength on input line 80.
LaTeX Info: Redefining \addtolength on input line 81.
\calc@Ccount=\count128
\calc@Cskip=\skip54
)
(/usr/share/texlive/texmf-dist/tex/latex/mathtools/mhsetup.sty
Package: mhsetup 2010/01/21 v1.2a programming setup (MH)
)
(/usr/share/texlive/texmf-dist/tex/latex/amsmath/amsmath.sty
Package: amsmath 2016/03/03 v2.15a AMS math features
\@mathmargin=\skip55

For additional information on amsmath, use the `?' option.
(/usr/share/texlive/texmf-dist/tex/latex/amsmath/amstext.sty
Package: amstext 2000/06/29 v2.01 AMS text

(/usr/share/texlive/texmf-dist/tex/latex/amsmath/amsgen.sty
File: amsgen.sty 1999/11/30 v2.0 generic functions
\@emptytoks=\toks17
\ex@=\dimen112
))
(/usr/share/texlive/texmf-dist/tex/latex/amsmath/amsbsy.sty
Package: amsbsy 1999/11/29 v1.2d Bold Symbols
\pmbraise@=\dimen113
)
(/usr/share/texlive/texmf-dist/tex/latex/amsmath/amsopn.sty
Package: amsopn 1999/12/14 v2.01 operator names
)
\inf@bad=\count129
LaTeX Info: Redefining \frac on input line 199.
\uproot@=\count130
\leftroot@=\count131
LaTeX Info: Redefining \overline on input line 297.
\classnum@=\count132
\DOTSCASE@=\count133
LaTeX Info: Redefining \ldots on input line 394.
LaTeX Info: Redefining \dots on input line 397.
LaTeX Info: Redefining \cdots on input line 518.
\Mathstrutbox@=\box27
\strutbox@=\box28
\big@size=\dimen114
LaTeX Font Info:    Redeclaring font encoding OML on input line 630.
LaTeX Font Info:    Redeclaring font encoding OMS on input line 631.
\macc@depth=\count134
\c@MaxMatrixCols=\count135
\dotsspace@=\muskip10
\c@parentequation=\count136
\dspbrk@lvl=\count137
\tag@help=\toks18
\row@=\count138
\column@=\count139
\maxfields@=\count140
\andhelp@=\toks19
\eqnshift@=\dimen115
\alignsep@=\dimen116
\tagshift@=\dimen117
\tagwidth@=\dimen118
\totwidth@=\dimen119
\lineht@=\dimen120
\@envbody=\toks20
\multlinegap=\skip56
\multlinetaggap=\skip57
\mathdisplay@stack=\toks21
LaTeX Info: Redefining \[ on input line 2735.
LaTeX Info: Redefining \] on input line 2736.
)
LaTeX Info: Thecontrolsequence`\('isalreadyrobust on input line 129.
LaTeX Info: Thecontrolsequence`\)'isalreadyrobust on input line 129.
LaTeX Info: Thecontrolsequence`\['isalreadyrobust on input line 129.
LaTeX Info: Thecontrolsequence`\]'isalreadyrobust on input line 129.
\g_MT_multlinerow_int=\count141
\l_MT_multwidth_dim=\dimen121
\origjot=\skip58
\l_MT_shortvdotswithinadjustabove_dim=\dimen122
\l_MT_shortvdotswithinadjustbelow_dim=\dimen123
\l_MT_above_intertext_sep=\dimen124
\l_MT_below_intertext_sep=\dimen125
\l_MT_above_shortintertext_sep=\dimen126
\l_MT_below_shortintertext_sep=\dimen127
)
(/usr/share/texlive/texmf-dist/tex/latex/hyperref/hyperref.sty
Package: hyperref 2012/11/06 v6.83m Hypertext links for LaTeX

(/usr/share/texlive/texmf-dist/tex/generic/oberdiek/hobsub-hyperref.sty
Package: hobsub-hyperref 2012/05/28 v1.13 Bundle oberdiek, subset hyperref (HO)


(/usr/share/texlive/texmf-dist/tex/generic/oberdiek/hobsub-generic.sty
Package: hobsub-generic 2012/05/28 v1.13 Bundle oberdiek, subset generic (HO)
Package: hobsub 2012/05/28 v1.13 Construct package bundles (HO)
Package: infwarerr 2010/04/08 v1.3 Providing info/warning/error messages (HO)
Package: ltxcmds 2011/11/09 v1.22 LaTeX kernel commands for general use (HO)
Package: ifluatex 2010/03/01 v1.3 Provides the ifluatex switch (HO)
Package ifluatex Info: LuaTeX not detected.
Package: ifvtex 2010/03/01 v1.5 Detect VTeX and its facilities (HO)
Package ifvtex Info: VTeX not detected.
Package: intcalc 2007/09/27 v1.1 Expandable calculations with integers (HO)
Package: ifpdf 2011/01/30 v2.3 Provides the ifpdf switch (HO)
Package ifpdf Info: pdfTeX in PDF mode is detected.
Package: etexcmds 2011/02/16 v1.5 Avoid name clashes with e-TeX commands (HO)
Package etexcmds Info: Could not find \expanded.
(etexcmds)             That can mean that you are not using pdfTeX 1.50 or
(etexcmds)             that some package has redefined \expanded.
(etexcmds)             In the latter case, load this package earlier.
Package: kvsetkeys 2012/04/25 v1.16 Key value parser (HO)
Package: kvdefinekeys 2011/04/07 v1.3 Define keys (HO)
Package: pdftexcmds 2011/11/29 v0.20 Utility functions of pdfTeX for LuaTeX (HO
)
Package pdftexcmds Info: LuaTeX not detected.
Package pdftexcmds Info: \pdf@primitive is available.
Package pdftexcmds Info: \pdf@ifprimitive is available.
Package pdftexcmds Info: \pdfdraftmode found.
Package: pdfescape 2011/11/25 v1.13 Implements pdfTeX's escape features (HO)
Package: bigintcalc 2012/04/08 v1.3 Expandable calculations on big integers (HO
)
Package: bitset 2011/01/30 v1.1 Handle bit-vector datatype (HO)
Package: uniquecounter 2011/01/30 v1.2 Provide unlimited unique counter (HO)
)
Package hobsub Info: Skipping package `hobsub' (already loaded).
Package: letltxmacro 2010/09/02 v1.4 Let assignment for LaTeX macros (HO)
Package: hopatch 2012/05/28 v1.2 Wrapper for package hooks (HO)
Package: xcolor-patch 2011/01/30 xcolor patch
Package: atveryend 2011/06/30 v1.8 Hooks at the very end of document (HO)
Package atveryend Info: \enddocument detected (standard20110627).
Package: atbegshi 2011/10/05 v1.16 At begin shipout hook (HO)
Package: refcount 2011/10/16 v3.4 Data extraction from label references (HO)
Package: hycolor 2011/01/30 v1.7 Color options for hyperref/bookmark (HO)
)
(/usr/share/texlive/texmf-dist/tex/generic/ifxetex/ifxetex.sty
Package: ifxetex 2010/09/12 v0.6 Provides ifxetex conditional
)
(/usr/share/texlive/texmf-dist/tex/latex/oberdiek/auxhook.sty
Package: auxhook 2011/03/04 v1.3 Hooks for auxiliary files (HO)
)
(/usr/share/texlive/texmf-dist/tex/latex/oberdiek/kvoptions.sty
Package: kvoptions 2011/06/30 v3.11 Key value format for package options (HO)
)
\@linkdim=\dimen128
\Hy@linkcounter=\count142
\Hy@pagecounter=\count143

(/usr/share/texlive/texmf-dist/tex/latex/hyperref/pd1enc.def
File: pd1enc.def 2012/11/06 v6.83m Hyperref: PDFDocEncoding definition (HO)
Now handling font encoding PD1 ...
... no UTF-8 mapping file for font encoding PD1
)
\Hy@SavedSpaceFactor=\count144

(/usr/share/texlive/texmf-dist/tex/latex/latexconfig/hyperref.cfg
File: hyperref.cfg 2002/06/06 v1.2 hyperref configuration of TeXLive
)
Package hyperref Info: Hyper figures OFF on input line 4443.
Package hyperref Info: Link nesting OFF on input line 4448.
Package hyperref Info: Hyper index ON on input line 4451.
Package hyperref Info: Plain pages OFF on input line 4458.
Package hyperref Info: Backreferencing OFF on input line 4463.
Package hyperref Info: Implicit mode ON; LaTeX internals redefined.
Package hyperref Info: Bookmarks ON on input line 4688.
\c@Hy@tempcnt=\count145

(/usr/share/texlive/texmf-dist/tex/latex/url/url.sty
\Urlmuskip=\muskip11
Package: url 2013/09/16  ver 3.4  Verb mode for urls, etc.
)
LaTeX Info: Redefining \url on input line 5041.
\XeTeXLinkMargin=\dimen129
\Fld@menulength=\count146
\Field@Width=\dimen130
\Fld@charsize=\dimen131
Package hyperref Info: Hyper figures OFF on input line 6295.
Package hyperref Info: Link nesting OFF on input line 6300.
Package hyperref Info: Hyper index ON on input line 6303.
Package hyperref Info: backreferencing OFF on input line 6310.
Package hyperref Info: Link coloring OFF on input line 6315.
Package hyperref Info: Link coloring with OCG OFF on input line 6320.
Package hyperref Info: PDF/A mode OFF on input line 6325.
LaTeX Info: Redefining \ref on input line 6365.
LaTeX Info: Redefining \pageref on input line 6369.
\Hy@abspage=\count147
\c@Item=\count148
\c@Hfootnote=\count149
)

Package hyperref Message: Driver (autodetected): hpdftex.

(/usr/share/texlive/texmf-dist/tex/latex/hyperref/hpdftex.def
File: hpdftex.def 2012/11/06 v6.83m Hyperref driver for pdfTeX
\Fld@listcount=\count150
\c@bookmark@seq@number=\count151

(/usr/share/texlive/texmf-dist/tex/latex/oberdiek/rerunfilecheck.sty
Package: rerunfilecheck 2011/04/15 v1.7 Rerun checks for auxiliary files (HO)
Package uniquecounter Info: New unique counter `rerunfilecheck' on input line 2
82.
)
\Hy@SectionHShift=\skip59
)
(/usr/share/texlive/texmf-dist/tex/latex/geometry/geometry.sty
Package: geometry 2010/09/12 v5.6 Page Geometry
\Gm@cnth=\count152
\Gm@cntv=\count153
\c@Gm@tempcnt=\count154
\Gm@bindingoffset=\dimen132
\Gm@wd@mp=\dimen133
\Gm@odd@mp=\dimen134
\Gm@even@mp=\dimen135
\Gm@layoutwidth=\dimen136
\Gm@layoutheight=\dimen137
\Gm@layouthoffset=\dimen138
\Gm@layoutvoffset=\dimen139
\Gm@dimlist=\toks22
)
(/usr/share/texlive/texmf-dist/tex/latex/listings/listings.sty
\lst@mode=\count155
\lst@gtempboxa=\box29
\lst@token=\toks23
\lst@length=\count156
\lst@currlwidth=\dimen140
\lst@column=\count157
\lst@pos=\count158
\lst@lostspace=\dimen141
\lst@width=\dimen142
\lst@newlines=\count159
\lst@lineno=\count160
\lst@maxwidth=\dimen143

(/usr/share/texlive/texmf-dist/tex/latex/listings/lstmisc.sty
File: lstmisc.sty 2015/06/04 1.6 (Carsten Heinz)
\c@lstnumber=\count161
\lst@skipnumbers=\count162
\lst@framebox=\box30
)
(/usr/share/texlive/texmf-dist/tex/latex/listings/listings.cfg
File: listings.cfg 2015/06/04 1.6 listings configuration
))
Package: listings 2015/06/04 1.6 (Carsten Heinz)

(/usr/share/texlive/texmf-dist/tex/generic/babel/babel.sty
Package: babel 2016/02/24 3.9q The Babel package

(/usr/share/texlive/texmf-dist/tex/generic/babel-english/english.ldf
Language: english 2012/08/20 v3.3p English support from the babel system

(/usr/share/texlive/texmf-dist/tex/generic/babel/babel.def
File: babel.def 2016/02/24 3.9q Babel common definitions
\babel@savecnt=\count163
\U@D=\dimen144
)
\l@british = a dialect from \language\l@english 
\l@UKenglish = a dialect from \language\l@english 
\l@canadian = a dialect from \language\l@american 
\l@australian = a dialect from \language\l@british 
\l@newzealand = a dialect from \language\l@british 
))
(/usr/share/texlive/texmf-dist/tex/latex/graphics/color.sty
Package: color 2016/01/03 v1.1b Standard LaTeX Color (DPC)

(/usr/share/texlive/texmf-dist/tex/latex/latexconfig/color.cfg
File: color.cfg 2007/01/18 v1.5 color configuration of teTeX/TeXLive
)
Package color Info: Driver file: pdftex.def on input line 143.

(/usr/share/texlive/texmf-dist/tex/latex/pdftex-def/pdftex.def
File: pdftex.def 2011/05/27 v0.06d Graphics/color for pdfTeX
\Gread@gobject=\count164
))
(/usr/share/texlive/texmf-dist/tex/latex/biblatex/biblatex.sty
Package: biblatex 2016/03/03 v3.3 programmable bibliographies (PK/JW/AB)

(/usr/share/texlive/texmf-dist/tex/latex/biblatex/biblatex_legacy.sty
Package: biblatex_legacy 2016/03/03 v3.3 programmable bibliographies (bibtex) (
PK/JW/AB)

(/usr/share/texlive/texmf-dist/tex/latex/etoolbox/etoolbox.sty
Package: etoolbox 2015/08/02 v2.2a e-TeX tools for LaTeX (JAW)
\etb@tempcnta=\count165
)
(/usr/share/texlive/texmf-dist/tex/latex/logreq/logreq.sty
Package: logreq 2010/08/04 v1.0 xml request logger
\lrq@indent=\count166

(/usr/share/texlive/texmf-dist/tex/latex/logreq/logreq.def
File: logreq.def 2010/08/04 v1.0 logreq spec v1.0
))
(/usr/share/texlive/texmf-dist/tex/latex/base/ifthen.sty
Package: ifthen 2014/09/29 v1.1c Standard LaTeX ifthen package (DPC)
)
\c@tabx@nest=\count167
\c@listtotal=\count168
\c@listcount=\count169
\c@liststart=\count170
\c@liststop=\count171
\c@citecount=\count172
\c@citetotal=\count173
\c@multicitecount=\count174
\c@multicitetotal=\count175
\c@instcount=\count176
\c@maxnames=\count177
\c@minnames=\count178
\c@maxitems=\count179
\c@minitems=\count180
\c@citecounter=\count181
\c@savedcitecounter=\count182
\c@uniquelist=\count183
\c@uniquename=\count184
\c@refsection=\count185
\c@refsegment=\count186
\c@maxextrayear=\count187
\c@maxextraalpha=\count188
\c@abbrvpenalty=\count189
\c@highnamepenalty=\count190
\c@lownamepenalty=\count191
\c@maxparens=\count192
\c@parenlevel=\count193
\blx@tempcnta=\count194
\blx@tempcntb=\count195
\blx@tempcntc=\count196
\blx@maxsection=\count197
\blx@maxsegment=\count198
\blx@notetype=\count199
\blx@parenlevel@text=\count266
\blx@parenlevel@foot=\count267
\labelnumberwidth=\skip60
\labelalphawidth=\skip61
\shorthandwidth=\skip62
\biblabelsep=\skip63
\bibitemsep=\skip64
\bibnamesep=\skip65
\bibinitsep=\skip66
\bibparsep=\skip67
\bibhang=\skip68
\blx@auxin=\read2
\blx@auxout=\write4
\c@mincomprange=\count268
\c@maxcomprange=\count269
\c@mincompwidth=\count270
\c@labelname=\count271
\c@savedlabelname=\count272
\c@author=\count273
\c@savedauthor=\count274
\c@shortauthor=\count275
\c@savedshortauthor=\count276
\c@editor=\count277
\c@savededitor=\count278
\c@editora=\count279
\c@savededitora=\count280
\c@editorb=\count281
\c@savededitorb=\count282
\c@editorc=\count283
\c@savededitorc=\count284
\c@shorteditor=\count285
\c@savedshorteditor=\count286
\c@bookauthor=\count287
\c@savedbookauthor=\count288
\c@translator=\count289
\c@savedtranslator=\count290
\c@annotator=\count291
\c@savedannotator=\count292
\c@commentator=\count293
\c@savedcommentator=\count294
\c@introduction=\count295
\c@savedintroduction=\count296
\c@foreword=\count297
\c@savedforeword=\count298
\c@afterword=\count299
\c@savedafterword=\count300
\c@holder=\count301
\c@savedholder=\count302
\c@namea=\count303
\c@savednamea=\count304
\c@nameb=\count305
\c@savednameb=\count306
\c@namec=\count307
\c@savednamec=\count308
\c@institution=\count309
\c@savedinstitution=\count310
\c@language=\count311
\c@savedlanguage=\count312
\c@location=\count313
\c@savedlocation=\count314
\c@organization=\count315
\c@savedorganization=\count316
\c@origlocation=\count317
\c@savedoriglocation=\count318
\c@origpublisher=\count319
\c@savedorigpublisher=\count320
\c@pageref=\count321
\c@savedpageref=\count322
\c@publisher=\count323
\c@savedpublisher=\count324
\c@lista=\count325
\c@savedlista=\count326
\c@listb=\count327
\c@savedlistb=\count328
\c@listc=\count329
\c@savedlistc=\count330
\c@listd=\count331
\c@savedlistd=\count332
\c@liste=\count333
\c@savedliste=\count334
\c@listf=\count335
\c@savedlistf=\count336
Package biblatex Info: Trying to load compatibility code...
Package biblatex Info: ... file 'blx-compat.def' found.

(/usr/share/texlive/texmf-dist/tex/latex/biblatex/blx-compat.def
File: blx-compat.def 2016/03/03 v3.3 biblatex compatibility (PK/JW/AB)
)
Package biblatex Info: Trying to load generic definitions...
Package biblatex Info: ... file 'biblatex_legacy.def' found.

(/usr/share/texlive/texmf-dist/tex/latex/biblatex/biblatex_legacy.def
File: biblatex_legacy.def 
\c@textcitecount=\count337
\c@textcitetotal=\count338
\c@textcitemaxnames=\count339
\c@biburlnumpenalty=\count340
\c@biburlucpenalty=\count341
\c@biburllcpenalty=\count342
\c@smartand=\count343
)
Package biblatex Info: Trying to load natbib compatibility...
Package biblatex Info: ... file 'blx-natbib.def' found.

(/usr/share/texlive/texmf-dist/tex/latex/biblatex/blx-natbib.def
File: blx-natbib.def 2016/03/03 v3.3 biblatex compatibility (PK/JW/AB)
)
Package biblatex Info: Trying to load bibliography style 'ieee'...
Package biblatex Info: ... file 'ieee.bbx' found.

(/usr/share/texlive/texmf-dist/tex/latex/biblatex-ieee/ieee.bbx
File: ieee.bbx 2015/03/12 v1.1k biblatex bibliography style
Package biblatex Info: Trying to load bibliography style 'numeric-comp'...
Package biblatex Info: ... file 'numeric-comp.bbx' found.

(/usr/share/texlive/texmf-dist/tex/latex/biblatex/bbx/numeric-comp.bbx
File: numeric-comp.bbx 2016/03/03 v3.3 biblatex bibliography style (PK/JW/AB)
Package biblatex Info: Trying to load bibliography style 'numeric'...
Package biblatex Info: ... file 'numeric.bbx' found.

(/usr/share/texlive/texmf-dist/tex/latex/biblatex/bbx/numeric.bbx
File: numeric.bbx 2016/03/03 v3.3 biblatex bibliography style (PK/JW/AB)
Package biblatex Info: Trying to load bibliography style 'standard'...
Package biblatex Info: ... file 'standard.bbx' found.

(/usr/share/texlive/texmf-dist/tex/latex/biblatex/bbx/standard.bbx
File: standard.bbx 2016/03/03 v3.3 biblatex bibliography style (PK/JW/AB)
\c@bbx:relatedcount=\count344
\c@bbx:relatedtotal=\count345
)))

Package biblatex Warning: 'firstinits' option is deprecated, use 'giveninits' i
nstead.

)
Package biblatex Info: Trying to load citation style 'ieee'...
Package biblatex Info: ... file 'ieee.cbx' found.
 (/usr/share/texlive/texmf-dist/tex/latex/biblatex-ieee/ieee.cbx
File: ieee.cbx 2015/03/12 v1.1k biblatex citation style
Package biblatex Info: Trying to load citation style 'numeric-comp'...
Package biblatex Info: ... file 'numeric-comp.cbx' found.

(/usr/share/texlive/texmf-dist/tex/latex/biblatex/cbx/numeric-comp.cbx
File: numeric-comp.cbx 2016/03/03 v3.3 biblatex citation style (PK/JW/AB)
\c@cbx@tempcnta=\count346
\c@cbx@tempcntb=\count347
Package biblatex Info: Redefining '\cite'.
Package biblatex Info: Redefining '\parencite'.
Package biblatex Info: Redefining '\footcite'.
Package biblatex Info: Redefining '\footcitetext'.
Package biblatex Info: Redefining '\smartcite'.
Package biblatex Info: Redefining '\supercite'.
Package biblatex Info: Redefining '\textcite'.
Package biblatex Info: Redefining '\textcites'.
Package biblatex Info: Redefining '\cites'.
Package biblatex Info: Redefining '\parencites'.
Package biblatex Info: Redefining '\smartcites'.
)
Package biblatex Info: Redefining '\cite'.
Package biblatex Info: Redefining '\cites'.
)
Package biblatex Info: Trying to load configuration file...
Package biblatex Info: ... file 'biblatex.cfg' found.

(/usr/share/texlive/texmf-dist/tex/latex/biblatex/biblatex.cfg
File: biblatex.cfg 
)))
(/usr/share/texlive/texmf-dist/tex/latex/algorithms/algorithm.sty
Package: algorithm 2009/08/24 v0.1 Document Style `algorithm' - floating enviro
nment

(/usr/share/texlive/texmf-dist/tex/latex/float/float.sty
Package: float 2001/11/08 v1.3d Float enhancements (AL)
\c@float@type=\count348
\float@exts=\toks24
\float@box=\box31
\@float@everytoks=\toks25
\@floatcapt=\box32
)
\@float@every@algorithm=\toks26
\c@algorithm=\count349
)
(/usr/share/texlive/texmf-dist/tex/latex/algorithmicx/algpseudocode.sty
Package: algpseudocode 

(/usr/share/texlive/texmf-dist/tex/latex/algorithmicx/algorithmicx.sty
Package: algorithmicx 2005/04/27 v1.2 Algorithmicx

Document Style algorithmicx 1.2 - a greatly improved `algorithmic' style
\c@ALG@line=\count350
\c@ALG@rem=\count351
\c@ALG@nested=\count352
\ALG@tlm=\skip69
\ALG@thistlm=\skip70
\c@ALG@Lnr=\count353
\c@ALG@blocknr=\count354
\c@ALG@storecount=\count355
\c@ALG@tmpcounter=\count356
\ALG@tmplength=\skip71
)
Document Style - pseudocode environments for use with the `algorithmicx' style
) (/usr/share/texlive/texmf-dist/tex/latex/tocbibind/tocbibind.sty
Package: tocbibind 2010/10/13 v1.5k extra ToC listings
Package tocbibind Info: The document has chapter divisions on input line 50.


Package tocbibind Note: Using chapter style headings, unless overridden.

) (/usr/share/texlive/texmf-dist/tex/latex/graphics/graphicx.sty
Package: graphicx 2014/10/28 v1.0g Enhanced LaTeX Graphics (DPC,SPQR)

(/usr/share/texlive/texmf-dist/tex/latex/graphics/graphics.sty
Package: graphics 2016/01/03 v1.0q Standard LaTeX Graphics (DPC,SPQR)

(/usr/share/texlive/texmf-dist/tex/latex/graphics/trig.sty
Package: trig 2016/01/03 v1.10 sin cos tan (DPC)
)
(/usr/share/texlive/texmf-dist/tex/latex/latexconfig/graphics.cfg
File: graphics.cfg 2010/04/23 v1.9 graphics configuration of TeX Live
)
Package graphics Info: Driver file: pdftex.def on input line 95.
)
\Gin@req@height=\dimen145
\Gin@req@width=\dimen146
)
(/usr/share/texlive/texmf-dist/tex/latex/listings/lstlang1.sty
File: lstlang1.sty 2015/06/04 1.6 listings language file
)
(/usr/share/texlive/texmf-dist/tex/latex/glossaries/base/glossaries.sty
Package: glossaries 2016/01/24 v4.21 (NLCT)

(/usr/share/texlive/texmf-dist/tex/latex/xkeyval/xkeyval.sty
Package: xkeyval 2014/12/03 v2.7a package option processing (HA)

(/usr/share/texlive/texmf-dist/tex/generic/xkeyval/xkeyval.tex
(/usr/share/texlive/texmf-dist/tex/generic/xkeyval/xkvutils.tex
\XKV@toks=\toks27
\XKV@tempa@toks=\toks28
)
\XKV@depth=\count357
File: xkeyval.tex 2014/12/03 v2.7a key=value parser (HA)
))
(/usr/share/texlive/texmf-dist/tex/latex/mfirstuc/mfirstuc.sty
Package: mfirstuc 2015/12/17 v2.02 (NLCT)
\@glsmfirst=\toks29
\@glsmrest=\toks30
)
(/usr/share/texlive/texmf-dist/tex/latex/textcase/textcase.sty
Package: textcase 2004/10/07 v0.07 Text only upper/lower case changing (DPC)
)
(/usr/share/texlive/texmf-dist/tex/latex/xfor/xfor.sty
Package: xfor 2009/02/05 v1.05 (NLCT)
)
(/usr/share/texlive/texmf-dist/tex/latex/datatool/datatool-base.sty
Package: datatool-base 2016/01/18 v2.25 (NLCT)

(/usr/share/texlive/texmf-dist/tex/latex/substr/substr.sty
Package: substr 2009/10/20 v1.2 Handle substrings
\c@su@anzahl=\count358
)
(/usr/share/texlive/texmf-dist/tex/latex/datatool/datatool-fp.sty
Package: datatool-fp 2016/01/18 v2.25 (NLCT)

(/usr/share/texlive/texmf-dist/tex/latex/fp/fp.sty
Package: fp 1995/04/02

`Fixed Point Package', Version 0.8, April 2, 1995 (C) Michael Mehlich
(/usr/share/texlive/texmf-dist/tex/latex/fp/defpattern.sty
Package: defpattern 1994/10/12
\actioncount=\count359
)
(/usr/share/texlive/texmf-dist/tex/latex/fp/fp-basic.sty
Package: fp-basic 1996/05/13
\FP@xs=\count360
\FP@xia=\count361
\FP@xib=\count362
\FP@xfa=\count363
\FP@xfb=\count364
\FP@rega=\count365
\FP@regb=\count366
\FP@regs=\count367
\FP@times=\count368
)
(/usr/share/texlive/texmf-dist/tex/latex/fp/fp-addons.sty
Package: fp-addons 1995/03/15
)
(/usr/share/texlive/texmf-dist/tex/latex/fp/fp-snap.sty
Package: fp-snap 1995/04/05
)
(/usr/share/texlive/texmf-dist/tex/latex/fp/fp-exp.sty
Package: fp-exp 1995/04/03
)
(/usr/share/texlive/texmf-dist/tex/latex/fp/fp-trigo.sty
Package: fp-trigo 1995/04/14
)
(/usr/share/texlive/texmf-dist/tex/latex/fp/fp-pas.sty
Package: fp-pas 1994/08/29
)
(/usr/share/texlive/texmf-dist/tex/latex/fp/fp-random.sty
Package: fp-random 1995/02/23
\FPseed=\count369
)
(/usr/share/texlive/texmf-dist/tex/latex/fp/fp-eqn.sty
Package: fp-eqn 1995/04/03
)
(/usr/share/texlive/texmf-dist/tex/latex/fp/fp-upn.sty
Package: fp-upn 1996/10/21
)
(/usr/share/texlive/texmf-dist/tex/latex/fp/fp-eval.sty
Package: fp-eval 1995/04/03
)))
\@dtl@toks=\toks31
\@dtl@tmpcount=\count370
\dtl@tmplength=\skip72
\dtl@sortresult=\count371
\@dtl@numgrpsepcount=\count372
\@dtl@datatype=\count373
\dtl@codeA=\count374
\dtl@codeB=\count375
\@dtl@foreach@level=\count376
)
(/usr/share/texlive/texmf-dist/tex/latex/glossaries/base/glossaries-compatible-
307.sty
Package: glossaries-compatible-307 2016/01/24 v4.21 (NLCT)
) (/usr/share/texlive/texmf-dist/tex/latex/tracklang/tracklang.sty
Package: tracklang 2015/03/23 v1.2 (NLCT) Track Languages

(/usr/share/texlive/texmf-dist/tex/generic/tracklang/tracklang.tex))
(/usr/share/texlive/texmf-dist/tex/latex/beamer/translator/translator.sty
Package: translator 2010/06/12 ver 1.10

(/usr/share/texlive/texmf-dist/tex/latex/beamer/translator/translator-language-
mappings.tex))
(/usr/share/texlive/texmf-dist/tex/latex/glossaries-english/glossaries-english.
ldf
File: glossaries-english.ldf 2014/11/23 v1.0
)
\gls@level=\count377
\@gls@tmpb=\toks32
\gls@tmplen=\skip73
\glskeylisttok=\toks33
\glslabeltok=\toks34
\glsshorttok=\toks35
\glslongtok=\toks36

(/usr/share/texlive/texmf-dist/tex/latex/glossaries/styles/glossary-hypernav.st
y
Package: glossary-hypernav 2016/01/24 v4.21 (NLCT)
) (/usr/share/texlive/texmf-dist/tex/latex/glossaries/styles/glossary-list.sty
Package: glossary-list 2016/01/24 v4.21 (NLCT)
\glslistdottedwidth=\skip74
) (/usr/share/texlive/texmf-dist/tex/latex/glossaries/styles/glossary-long.sty
Package: glossary-long 2016/01/24 v4.21 (NLCT)

(/usr/share/texlive/texmf-dist/tex/latex/tools/longtable.sty
Package: longtable 2014/10/28 v4.11 Multi-page Table package (DPC)
\LTleft=\skip75
\LTright=\skip76
\LTpre=\skip77
\LTpost=\skip78
\LTchunksize=\count378
\LTcapwidth=\dimen147
\LT@head=\box33
\LT@firsthead=\box34
\LT@foot=\box35
\LT@lastfoot=\box36
\LT@cols=\count379
\LT@rows=\count380
\c@LT@tables=\count381
\c@LT@chunks=\count382
\LT@p@ftn=\toks37
)
\glsdescwidth=\skip79
\glspagelistwidth=\skip80
)
(/usr/share/texlive/texmf-dist/tex/latex/glossaries/styles/glossary-super.sty
Package: glossary-super 2016/01/24 v4.21 (NLCT)

(/usr/share/texlive/texmf-dist/tex/latex/supertabular/supertabular.sty
Package: supertabular 2004/02/20 v4.1e the supertabular environment
\c@tracingst=\count383
\ST@wd=\dimen148
\ST@rightskip=\skip81
\ST@leftskip=\skip82
\ST@parfillskip=\skip83
\ST@pageleft=\dimen149
\ST@headht=\dimen150
\ST@tailht=\dimen151
\ST@pagesofar=\dimen152
\ST@pboxht=\dimen153
\ST@lineht=\dimen154
\ST@stretchht=\dimen155
\ST@prevht=\dimen156
\ST@toadd=\dimen157
\ST@dimen=\dimen158
\ST@pbox=\box37
))
(/usr/share/texlive/texmf-dist/tex/latex/glossaries/styles/glossary-tree.sty
Package: glossary-tree 2016/01/24 v4.21 (NLCT)
\glstreeindent=\skip84
))
\glswrite=\write5
\glo@acronym@file=\write6
\openout6 = `Report.acn'.

Package glossaries Info: Writing glossary file Report.acn on input line 70.
Package biblatex Info: Trying to load language 'english'...
Package biblatex Info: ... file 'english.lbx' found.

(/usr/share/texlive/texmf-dist/tex/latex/biblatex/lbx/english.lbx
File: english.lbx 2016/03/03 v3.3 biblatex localization (PK/JW/AB)
)

Package biblatex Warning: 'babel/polyglossia' detected but 'csquotes' missing.
(biblatex)                Loading 'csquotes' recommended.

\@quotelevel=\count384
\@quotereset=\count385
(./Report.aux (./0-Cover.aux) (./0-Agradecimientos.aux) (./0-Resumen.aux)
(./0-Summary.aux) (./1-Introduction.aux) (./2-Infrastructure.aux)
(./3-Digit_classifier.aux) (./4-Test_bench.aux) (./5-Evaluation.aux)
(./6-Conclusions.aux) (./7-Bibliography.aux))
\openout1 = `Report.aux'.

LaTeX Font Info:    Checking defaults for OML/cmm/m/it on input line 98.
LaTeX Font Info:    ... okay on input line 98.
LaTeX Font Info:    Checking defaults for T1/cmr/m/n on input line 98.
LaTeX Font Info:    ... okay on input line 98.
LaTeX Font Info:    Checking defaults for OT1/cmr/m/n on input line 98.
LaTeX Font Info:    ... okay on input line 98.
LaTeX Font Info:    Checking defaults for OMS/cmsy/m/n on input line 98.
LaTeX Font Info:    ... okay on input line 98.
LaTeX Font Info:    Checking defaults for OMX/cmex/m/n on input line 98.
LaTeX Font Info:    ... okay on input line 98.
LaTeX Font Info:    Checking defaults for U/cmr/m/n on input line 98.
LaTeX Font Info:    ... okay on input line 98.
LaTeX Font Info:    Checking defaults for PD1/pdf/m/n on input line 98.
LaTeX Font Info:    ... okay on input line 98.
LaTeX Font Info:    Try loading font information for OT1+lmr on input line 98.

(/usr/share/texmf/tex/latex/lm/ot1lmr.fd
File: ot1lmr.fd 2009/10/30 v1.6 Font defs for Latin Modern
)
Package caption Info: Begin \AtBeginDocument code.
Package caption Info: float package is loaded.
Package caption Info: hyperref package is loaded.
Package caption Info: listings package is loaded.
Package caption Info: longtable package is loaded.

(/usr/share/texlive/texmf-dist/tex/latex/caption/ltcaption.sty
Package: ltcaption 2013/06/09 v1.4-94 longtable captions (AR)
)
Package caption Info: supertabular package is loaded.
Package caption Info: End \AtBeginDocument code.
\AtBeginShipoutBox=\box38
Package hyperref Info: Link coloring OFF on input line 98.

(/usr/share/texlive/texmf-dist/tex/latex/hyperref/nameref.sty
Package: nameref 2012/10/27 v2.43 Cross-referencing by name of section

(/usr/share/texlive/texmf-dist/tex/generic/oberdiek/gettitlestring.sty
Package: gettitlestring 2010/12/03 v1.4 Cleanup title references (HO)
)
\c@section@level=\count386
LaTeX Info: Redefining \Ref on input line 513.
)
LaTeX Info: Redefining \ref on input line 98.
LaTeX Info: Redefining \pageref on input line 98.
LaTeX Info: Redefining \nameref on input line 98.

(./Report.out) (./Report.out)
\@outlinefile=\write7
\openout7 = `Report.out'.

LaTeX Info: Redefining \Ref on input line 98.

*geometry* driver: auto-detecting
*geometry* detected driver: pdftex
*geometry* verbose mode - [ preamble ] result:
* driver: pdftex
* paper: a4paper
* layout: <same size as paper>
* layoutoffset:(h,v)=(0.0pt,0.0pt)
* modes: twoside 
* h-part:(L,W,R)=(71.13188pt, 455.24411pt, 71.13188pt)
* v-part:(T,H,B)=(85.35826pt, 674.33032pt, 85.35826pt)
* \paperwidth=597.50787pt
* \paperheight=845.04684pt
* \textwidth=455.24411pt
* \textheight=674.33032pt
* \oddsidemargin=-1.1381pt
* \evensidemargin=-1.1381pt
* \topmargin=-18.78552pt
* \headheight=16.0pt
* \headsep=19.8738pt
* \topskip=12.0pt
* \footskip=30.0pt
* \marginparwidth=88.0pt
* \marginparsep=7.0pt
* \columnsep=10.0pt
* \skip\footins=10.8pt plus 4.0pt minus 2.0pt
* \hoffset=0.0pt
* \voffset=0.0pt
* \mag=1000
* \@twocolumnfalse
* \@twosidetrue
* \@mparswitchtrue
* \@reversemarginfalse
* (1in=72.27pt=25.4mm, 1cm=28.453pt)

\c@lstlisting=\count387
(/usr/share/texlive/texmf-dist/tex/context/base/supp-pdf.mkii
[Loading MPS to PDF converter (version 2006.09.02).]
\scratchcounter=\count388
\scratchdimen=\dimen159
\scratchbox=\box39
\nofMPsegments=\count389
\nofMParguments=\count390
\everyMPshowfont=\toks38
\MPscratchCnt=\count391
\MPscratchDim=\dimen160
\MPnumerator=\count392
\makeMPintoPDFobject=\count393
\everyMPtoPDFconversion=\toks39
)
Package biblatex Info: Input encoding 'utf8' detected.
Package biblatex Info: Automatic encoding selection.
(biblatex)             Assuming data encoding 'utf8'.


Package biblatex Warning: Data encoding is 'utf8'.
(biblatex)                Use backend=biber.

\openout4 = `Report-blx.bib'.

Package biblatex Info: Trying to load bibliographic data...
Package biblatex Info: ... file 'Report.bbl' found.
(./Report.bbl

Package biblatex Warning: BibTeX reported the following issues
(biblatex)                with 'deep-learning-methods-and-applications':
(biblatex)                - Invalid format of field 'month'.

)
Package biblatex Info: Reference section=0 on input line 98.
Package biblatex Info: Reference segment=0 on input line 98.
 (/usr/share/texlive/texmf-dist/tex/latex/oberdiek/epstopdf-base.sty
Package: epstopdf-base 2010/02/09 v2.5 Base part for package epstopdf

(/usr/share/texlive/texmf-dist/tex/latex/oberdiek/grfext.sty
Package: grfext 2010/08/19 v1.1 Manage graphics extensions (HO)
)
Package grfext Info: Graphics extension search list:
(grfext)             [.png,.pdf,.jpg,.mps,.jpeg,.jbig2,.jb2,.PNG,.PDF,.JPG,.JPE
G,.JBIG2,.JB2,.eps]
(grfext)             \AppendGraphicsExtensions on input line 452.

(/usr/share/texlive/texmf-dist/tex/latex/latexconfig/epstopdf-sys.cfg
File: epstopdf-sys.cfg 2010/07/13 v1.3 Configuration of (r)epstopdf for TeX Liv
e
))
\openout2 = `0-Cover.aux'.


(./0-Cover.tex <figures/logo.png, id=229, 782.925pt x 301.125pt>
File: figures/logo.png Graphic file (type png)

<use figures/logo.png>
Package pdftex.def Info: figures/logo.png used on input line 6.
(pdftex.def)             Requested size: 182.09486pt x 70.0338pt.
LaTeX Font Info:    Try loading font information for OT1+lmss on input line 17.

 (/usr/share/texmf/tex/latex/lm/ot1lmss.fd
File: ot1lmss.fd 2009/10/30 v1.6 Font defs for Latin Modern
) [1

\openout5 = `Report.ist'.



{/var/lib/texmf/fonts/map/pdftex/updmap/pdftex.map} <./figures/logo.png>]
<figures/CC-BY-SA.png, id=242, 1284.8pt x 452.69125pt>
File: figures/CC-BY-SA.png Graphic file (type png)

<use figures/CC-BY-SA.png>
Package pdftex.def Info: figures/CC-BY-SA.png used on input line 50.
(pdftex.def)             Requested size: 80.7507pt x 28.45274pt.
LaTeX Font Info:    Try loading font information for OMS+lmr on input line 54.
 (/usr/share/texmf/tex/latex/lm/omslmr.fd
File: omslmr.fd 2009/10/30 v1.6 Font defs for Latin Modern
)
LaTeX Font Info:    Try loading font information for OMS+lmsy on input line 54.


(/usr/share/texmf/tex/latex/lm/omslmsy.fd
File: omslmsy.fd 2009/10/30 v1.6 Font defs for Latin Modern
)
LaTeX Font Info:    Font shape `OMS/lmr/m/n' in size <12> not available
(Font)              Font shape `OMS/lmsy/m/n' tried instead on input line 54.
) [2 <./figures/CC-BY-SA.png>]
\openout2 = `0-Agradecimientos.aux'.


(./0-Agradecimientos.tex) [1



]
\openout2 = `0-Resumen.aux'.

 (./0-Resumen.tex [2



]) [3]
\openout2 = `0-Summary.aux'.

 (./0-Summary.tex
[4



]) [5] [6


] (./Report.toc
LaTeX Font Info:    Try loading font information for OML+lmm on input line 13.
 (/usr/share/texmf/tex/latex/lm/omllmm.fd
File: omllmm.fd 2009/10/30 v1.6 Font defs for Latin Modern
)
LaTeX Font Info:    Try loading font information for OMX+lmex on input line 13.


(/usr/share/texmf/tex/latex/lm/omxlmex.fd
File: omxlmex.fd 2009/10/30 v1.6 Font defs for Latin Modern
)
LaTeX Font Info:    External font `lmex10' loaded for size
(Font)              <12> on input line 13.
LaTeX Font Info:    External font `lmex10' loaded for size
(Font)              <8> on input line 13.
LaTeX Font Info:    External font `lmex10' loaded for size
(Font)              <6> on input line 13.
 [7])
\tf@toc=\write8
\openout8 = `Report.toc'.

 [8] (./Report.lof [9

])
\tf@lof=\write9
\openout9 = `Report.lof'.

 [10]
(./Report.lot)
\tf@lot=\write10
\openout10 = `Report.lot'.

 (./Report.acr [11

] [12

]) [13

] [14

]
\openout2 = `1-Introduction.aux'.

 (./1-Introduction.tex
Chapter 1.
pdfTeX warning (ext4): destination with the same identifier (name{page.1}) has 
been already used, duplicate ignored
<to be read again> 
                   \relax 
l.9 	\begin{itemize}
                     [1


] <figures/ANN.png, id=568, 657.45625pt x 340.27126pt>
File: figures/ANN.png Graphic file (type png)

<use figures/ANN.png>
Package pdftex.def Info: figures/ANN.png used on input line 19.
(pdftex.def)             Requested size: 364.19667pt x 188.49452pt.
 <figures/unit.png, id=575, 584.1825pt x 264.99pt>
File: figures/unit.png Graphic file (type png)

<use figures/unit.png>
Package pdftex.def Info: figures/unit.png used on input line 27.
(pdftex.def)             Requested size: 364.19667pt x 165.2059pt.
 <figures/linear.png, id=578, 1127.21124pt x 592.2125pt>
File: figures/linear.png Graphic file (type png)

<use figures/linear.png>
Package pdftex.def Info: figures/linear.png used on input line 33.
(pdftex.def)             Requested size: 409.71692pt x 215.25664pt.
pdfTeX warning (ext4): destination with the same identifier (name{page.2}) has 
been already used, duplicate ignored
<to be read again> 
                   \relax 
l.37 \end{description}
                       [2] [3 <./figures/ANN.png> <./figures/unit.png>]
[4 <./figures/linear.png>] [5]
LaTeX Font Info:    Try loading font information for OT1+lmtt on input line 72.

 (/usr/share/texmf/tex/latex/lm/ot1lmtt.fd
File: ot1lmtt.fd 2009/10/30 v1.6 Font defs for Latin Modern
)
<figures/gantt.png, id=622, 478.03593pt x 255.95625pt>
File: figures/gantt.png Graphic file (type png)
 <use figures/gantt.png>
Package pdftex.def Info: figures/gantt.png used on input line 80.
(pdftex.def)             Requested size: 409.71692pt x 219.376pt.

Underfull \vbox (badness 3635) has occurred while \output is active []

 [6 <./figures/gantt.png (PNG copy)>]) [7]
\openout2 = `2-Infrastructure.aux'.

 (./2-Infrastructure.tex [8



]
Chapter 2.
LaTeX Font Info:    External font `lmex10' loaded for size
(Font)              <10> on input line 2.
LaTeX Font Info:    External font `lmex10' loaded for size
(Font)              <7> on input line 2.
LaTeX Font Info:    External font `lmex10' loaded for size
(Font)              <5> on input line 2.

Underfull \vbox (badness 7415) has occurred while \output is active []

 [9]
[10] [11] [12]
<figures/convlayer_anime1big.png, id=689, 854.19125pt x 733.74126pt>
File: figures/convlayer_anime1big.png Graphic file (type png)

<use figures/convlayer_anime1big.png>
Package pdftex.def Info: figures/convlayer_anime1big.png used on input line 136
.
(pdftex.def)             Requested size: 318.66948pt x 273.73041pt.

<figures/convlayer_anime2big.png, id=690, 854.19125pt x 733.74126pt>
File: figures/convlayer_anime2big.png Graphic file (type png)

<use figures/convlayer_anime2big.png>
Package pdftex.def Info: figures/convlayer_anime2big.png used on input line 141
.
(pdftex.def)             Requested size: 318.66948pt x 273.73041pt.

<figures/cnn.png, id=694, 1127.21124pt x 796.9775pt>
File: figures/cnn.png Graphic file (type png)
 <use figures/cnn.png>
Package pdftex.def Info: figures/cnn.png used on input line 151.
(pdftex.def)             Requested size: 409.71692pt x 289.68436pt.

<figures/pooling.png, id=697, 371.3875pt x 181.67876pt>
File: figures/pooling.png Graphic file (type png)

<use figures/pooling.png>
Package pdftex.def Info: figures/pooling.png used on input line 162.
(pdftex.def)             Requested size: 284.52756pt x 139.1917pt.
 [13] [14 <./figures/convlayer_anime1big.png> <./figures/convlayer_anime2big.pn
g>]
<figures/FCLayer.png, id=718, 311.1625pt x 356.33125pt>
File: figures/FCLayer.png Graphic file (type png)

<use figures/FCLayer.png>
Package pdftex.def Info: figures/FCLayer.png used on input line 182.
(pdftex.def)             Requested size: 182.09486pt x 208.52634pt.
 [15 <./figures/cnn.png>]
<figures/relu.png, id=732, 578.16pt x 434.5836pt>
File: figures/relu.png Graphic file (type png)
 <use figures/relu.png>
Package pdftex.def Info: figures/relu.png used on input line 198.
(pdftex.def)             Requested size: 273.14923pt x 205.3153pt.

[16 <./figures/pooling.png (PNG copy)> <./figures/FCLayer.png>]
<figures/dropout.png, id=744, 1944.26375pt x 665.48625pt>
File: figures/dropout.png Graphic file (type png)

<use figures/dropout.png>
Package pdftex.def Info: figures/dropout.png used on input line 221.
(pdftex.def)             Requested size: 455.24411pt x 155.82063pt.
 [17 <./figures/relu.png>] [18 <./figures/dropout.png>]
Underfull \vbox (badness 1983) has occurred while \output is active []

 [19]
<figures/conf_mat.png, id=780, 487.8225pt x 411.5375pt>
File: figures/conf_mat.png Graphic file (type png)

<use figures/conf_mat.png>
Package pdftex.def Info: figures/conf_mat.png used on input line 284.
(pdftex.def)             Requested size: 364.19667pt x 307.24574pt.
 [20] [21 <./figures/conf_mat.png>]
<figures/droidcampre.png, id=809, 1082.0425pt x 1444.39626pt>
File: figures/droidcampre.png Graphic file (type png)

<use figures/droidcampre.png>
Package pdftex.def Info: figures/droidcampre.png used on input line 310.
(pdftex.def)             Requested size: 135.20732pt x 180.48297pt.

<figures/droidcamlinux.png, id=810, 433.62pt x 579.16376pt>
File: figures/droidcamlinux.png Graphic file (type png)

<use figures/droidcamlinux.png>
Package pdftex.def Info: figures/droidcamlinux.png used on input line 315.
(pdftex.def)             Requested size: 135.20732pt x 180.59055pt.

<figures/droidcampost.png, id=811, 1082.0425pt x 1441.385pt>
File: figures/droidcampost.png Graphic file (type png)

<use figures/droidcampost.png>
Package pdftex.def Info: figures/droidcampost.png used on input line 320.
(pdftex.def)             Requested size: 135.20732pt x 180.10669pt.
 [22]) [23 <./figures/droidcampre.png> <./figures/droidcamlinux.png> <./figures
/droidcampost.png>]
\openout2 = `3-Digit_classifier.aux'.

 (./3-Digit_classifier.tex
[24



]
Chapter 3.
[25] <figures/first_sample.png, id=845, 365.365pt x 149.55875pt>
File: figures/first_sample.png Graphic file (type png)

<use figures/first_sample.png>
Package pdftex.def Info: figures/first_sample.png used on input line 30.
(pdftex.def)             Requested size: 318.66948pt x 130.45052pt.
 [26 <./figures/first_sample.png>] [27] [28]
[29] <figures/model.png, id=945, 518.93875pt x 962.59625pt>
File: figures/model.png Graphic file (type png)

<use figures/model.png>
Package pdftex.def Info: figures/model.png used on input line 174.
(pdftex.def)             Requested size: 273.14923pt x 506.69252pt.
 [30] [31 <./figures/model.png>] [32]
<figures/digitclass.png, id=982, 1319.93124pt x 746.79pt>
File: figures/digitclass.png Graphic file (type png)

<use figures/digitclass.png>
Package pdftex.def Info: figures/digitclass.png used on input line 231.
(pdftex.def)             Requested size: 455.24411pt x 257.56305pt.

<figures/diagram_black.png, id=986, 795.97375pt x 307.1475pt>
File: figures/diagram_black.png Graphic file (type png)

<use figures/diagram_black.png>
Package pdftex.def Info: figures/diagram_black.png used on input line 245.
(pdftex.def)             Requested size: 364.19667pt x 140.535pt.

<figures/diagram_transparent.png, id=987, 795.97375pt x 528.97626pt>
File: figures/diagram_transparent.png Graphic file (type png)

<use figures/diagram_transparent.png>
Package pdftex.def Info: figures/diagram_transparent.png used on input line 250
.
(pdftex.def)             Requested size: 364.19667pt x 242.03252pt.
 [33] [34 <./figures/digitclass.png>]
[35 <./figures/diagram_black.png> <./figures/diagram_transparent.png>] [36]
[37] [38] [39]) [40]
\openout2 = `4-Test_bench.aux'.

 (./4-Test_bench.tex
Chapter 4.

Overfull \hbox (17.68552pt too wide) in paragraph at lines 8--9
[][]\OT1/lmr/m/it/12 MNIST[] \OT1/lmr/m/n/12 is a database of \OT1/lmr/m/it/12 
hand-writ-ten dig-its \OT1/lmr/m/n/12 formed by a train-ing set, which con-tain
s 60000 sam-
 []

<figures/mnist.png, id=1164, 578.16pt x 433.62pt>
File: figures/mnist.png Graphic file (type png)
 <use figures/mnist.png>
Package pdftex.def Info: figures/mnist.png used on input line 13.
(pdftex.def)             Requested size: 341.43306pt x 256.07178pt.

[41



] [42 <./figures/mnist.png>]
<figures/aug_keras.png, id=1187, 578.16pt x 433.62pt>
File: figures/aug_keras.png Graphic file (type png)

<use figures/aug_keras.png>
Package pdftex.def Info: figures/aug_keras.png used on input line 58.
(pdftex.def)             Requested size: 341.43306pt x 256.07178pt.
 [43]
Overfull \hbox (21.23972pt too wide) in paragraph at lines 69--70
\OT1/lmr/m/n/12 database im-age. So-bel database im-ages are re-placed by the t
rans-formed ones. 48000 sam-
 []

[44 <./figures/aug_keras.png>]
<figures/Sobel.png, id=1211, 578.16pt x 433.62pt>
File: figures/Sobel.png Graphic file (type png)
 <use figures/Sobel.png>
Package pdftex.def Info: figures/Sobel.png used on input line 83.
(pdftex.def)             Requested size: 227.62206pt x 170.71231pt.

<figures/0-1.png, id=1212, 578.16pt x 433.62pt>
File: figures/0-1.png Graphic file (type png)
 <use figures/0-1.png>
Package pdftex.def Info: figures/0-1.png used on input line 88.
(pdftex.def)             Requested size: 227.62206pt x 170.71231pt.

<figures/1-1.png, id=1213, 578.16pt x 433.62pt>
File: figures/1-1.png Graphic file (type png)
 <use figures/1-1.png>
Package pdftex.def Info: figures/1-1.png used on input line 93.
(pdftex.def)             Requested size: 227.62206pt x 170.71231pt.

<figures/0-6.png, id=1214, 578.16pt x 433.62pt>
File: figures/0-6.png Graphic file (type png)
 <use figures/0-6.png>
Package pdftex.def Info: figures/0-6.png used on input line 98.
(pdftex.def)             Requested size: 227.62206pt x 170.71231pt.

<figures/1-6.png, id=1215, 578.16pt x 433.62pt>
File: figures/1-6.png Graphic file (type png)
 <use figures/1-6.png>
Package pdftex.def Info: figures/1-6.png used on input line 103.
(pdftex.def)             Requested size: 227.62206pt x 170.71231pt.
 [45]
[46 <./figures/Sobel.png> <./figures/0-1.png> <./figures/1-1.png> <./figures/0-
6.png> <./figures/1-6.png>] [47] [48] [49]
<figures/learning_curves.png, id=1347, 1200.485pt x 647.41875pt>
File: figures/learning_curves.png Graphic file (type png)

<use figures/learning_curves.png>
Package pdftex.def Info: figures/learning_curves.png used on input line 239.
(pdftex.def)             Requested size: 455.24411pt x 245.50798pt.

<figures/prec_rec.png, id=1348, 486.81876pt x 392.46625pt>
File: figures/prec_rec.png Graphic file (type png)

<use figures/prec_rec.png>
Package pdftex.def Info: figures/prec_rec.png used on input line 244.
(pdftex.def)             Requested size: 227.62206pt x 183.50697pt.
File: figures/conf_mat.png Graphic file (type png)
 <use figures/conf_mat.png>
Package pdftex.def Info: figures/conf_mat.png used on input line 249.
(pdftex.def)             Requested size: 227.62206pt x 192.0286pt.

Underfull \vbox (badness 10000) has occurred while \output is active []

 [50]
[51 <./figures/learning_curves.png> <./figures/prec_rec.png>] [52]
<figures/1stconvarch.png, id=1395, 513.92pt x 184.69pt>
File: figures/1stconvarch.png Graphic file (type png)

<use figures/1stconvarch.png>
Package pdftex.def Info: figures/1stconvarch.png used on input line 291.
(pdftex.def)             Requested size: 204.85846pt x 73.62105pt.

<figures/2ndconvarch.png, id=1396, 513.92pt x 296.10625pt>
File: figures/2ndconvarch.png Graphic file (type png)

<use figures/2ndconvarch.png>
Package pdftex.def Info: figures/2ndconvarch.png used on input line 296.
(pdftex.def)             Requested size: 204.85846pt x 118.03375pt.

Overfull \hbox (2.61107pt too wide) in paragraph at lines 289--299
[]$[]$ $[]$ 
 []

) [53 <./figures/1stconvarch.png> <./figures/2ndconvarch.png>]
\openout2 = `5-Evaluation.aux'.


(./5-Evaluation.tex [54



]
Chapter 5.
<figures/0-1_sample.png, id=1418, 28.105pt x 28.105pt>
File: figures/0-1_sample.png Graphic file (type png)

<use figures/0-1_sample.png>
Package pdftex.def Info: figures/0-1_sample.png used on input line 8.
(pdftex.def)             Requested size: 136.57462pt x 136.62851pt.

Overfull \hbox (10.59035pt too wide) in paragraph at lines 14--15
\OT1/lmr/m/n/12 When load-ing the weights of the \OT1/lmr/m/it/12 first con-vo-
lu-tional layer\OT1/lmr/m/n/12 , a Numpy ar-ray of shape (1, 3, 3, 32)
 []

[55] <figures/weights_conv2d_1.png, id=1424, 824.6007pt x 570.933pt>
File: figures/weights_conv2d_1.png Graphic file (type png)

<use figures/weights_conv2d_1.png>
Package pdftex.def Info: figures/weights_conv2d_1.png used on input line 24.
(pdftex.def)             Requested size: 418.82375pt x 289.97847pt.

<figures/weights_conv2d_2_mod.png, id=1427, 1104.2856pt x 737.8767pt>
File: figures/weights_conv2d_2_mod.png Graphic file (type png)

<use figures/weights_conv2d_2_mod.png>
Package pdftex.def Info: figures/weights_conv2d_2_mod.png used on input line 32
.
(pdftex.def)             Requested size: 455.24411pt x 304.18648pt.

<figures/activation_maps_conv2d_1.png, id=1431, 825.3234pt x 615.7404pt>
File: figures/activation_maps_conv2d_1.png Graphic file (type png)

<use figures/activation_maps_conv2d_1.png>
Package pdftex.def Info: figures/activation_maps_conv2d_1.png used on input lin
e 41.
(pdftex.def)             Requested size: 409.71692pt x 305.67091pt.

<figures/activation_maps_conv2d_2.png, id=1433, 708.246pt x 466.8642pt>
File: figures/activation_maps_conv2d_2.png Graphic file (type png)

<use figures/activation_maps_conv2d_2.png>
Package pdftex.def Info: figures/activation_maps_conv2d_2.png used on input lin
e 49.
(pdftex.def)             Requested size: 409.71692pt x 270.08328pt.
 [56 <./figures/0-1_sample.png (PNG copy)>] [57 <./figures/weights_conv2d_1.png
> <./figures/weights_conv2d_2_mod.png (PNG copy)>] [58 <./figures/activation_ma
ps_conv2d_1.png>]
<figures/val_datasets.png, id=1455, 1217.54875pt x 644.4075pt>
File: figures/val_datasets.png Graphic file (type png)

<use figures/val_datasets.png>
Package pdftex.def Info: figures/val_datasets.png used on input line 66.
(pdftex.def)             Requested size: 455.24411pt x 240.94424pt.
 [59 <./figures/activation_maps_conv2d_2.png>]
[60 <./figures/val_datasets.png>] [61]
<figures/comp_dropout.png, id=1481, 1225.57875pt x 668.4975pt>
File: figures/comp_dropout.png Graphic file (type png)

<use figures/comp_dropout.png>
Package pdftex.def Info: figures/comp_dropout.png used on input line 124.
(pdftex.def)             Requested size: 455.24411pt x 248.30923pt.

<figures/lc_nodropout.png, id=1486, 1193.45876pt x 626.34pt>
File: figures/lc_nodropout.png Graphic file (type png)

<use figures/lc_nodropout.png>
Package pdftex.def Info: figures/lc_nodropout.png used on input line 133.
(pdftex.def)             Requested size: 455.24411pt x 238.9196pt.

<figures/lc_dropout.png, id=1487, 1193.45876pt x 632.3625pt>
File: figures/lc_dropout.png Graphic file (type png)

<use figures/lc_dropout.png>
Package pdftex.def Info: figures/lc_dropout.png used on input line 138.
(pdftex.def)             Requested size: 455.24411pt x 241.2169pt.

Underfull \vbox (badness 2080) has occurred while \output is active []

 [62 <./figures/comp_dropout.png>]
<figures/full_comparison.png, id=1498, 1193.45876pt x 627.34375pt>
File: figures/full_comparison.png Graphic file (type png)

<use figures/full_comparison.png>
Package pdftex.def Info: figures/full_comparison.png used on input line 166.
(pdftex.def)             Requested size: 455.24411pt x 239.30247pt.
 [63] [64 <./figures/lc_nodropout.png> <./figures/lc_dropout.png>] <figures/lc_
42.png, id=1511, 1192.455pt x 630.355pt>
File: figures/lc_42.png Graphic file (type png)

<use figures/lc_42.png>
Package pdftex.def Info: figures/lc_42.png used on input line 190.
(pdftex.def)             Requested size: 455.24411pt x 240.65312pt.

<figures/pr_42.png, id=1512, 488.82625pt x 392.46625pt>
File: figures/pr_42.png Graphic file (type png)

<use figures/pr_42.png>
Package pdftex.def Info: figures/pr_42.png used on input line 195.
(pdftex.def)             Requested size: 227.62206pt x 182.75241pt.

<figures/cm_42.png, id=1513, 490.83376pt x 410.53375pt>
File: figures/cm_42.png Graphic file (type png)

<use figures/cm_42.png>
Package pdftex.def Info: figures/cm_42.png used on input line 200.
(pdftex.def)             Requested size: 227.62206pt x 190.38255pt.
) [65 <./figures/full_comparison.png>] [66 <./figures/lc_42.png> <./figures/pr_
42.png> <./figures/cm_42.png>]
\openout2 = `6-Conclusions.aux'.

 (./6-Conclusions.tex
Chapter 6.
[67



] [68] <figures/cars.jpg, id=1564, 1927.2pt x 1204.5pt>
File: figures/cars.jpg Graphic file (type jpg)

<use figures/cars.jpg>
Package pdftex.def Info: figures/cars.jpg used on input line 48.
(pdftex.def)             Requested size: 364.19667pt x 227.60759pt.
 [69]) [70 <./figures/cars.jpg>]
\openout2 = `7-Bibliography.aux'.

 (./7-Bibliography.tex)
[71



] [72]
Overfull \hbox (5.28804pt too wide) in paragraph at lines 141--141
[]\OT1/lmr/m/n/12 DEV47APPS. (2010-2016). Dev47apps, [On-line]. Avail-able: []$
\OT1/lmtt/m/n/12 http : / / www . dev47apps .
 []

[73] [74]
Package atveryend Info: Empty hook `BeforeClearDocument' on input line 143.
Package atveryend Info: Empty hook `AfterLastShipout' on input line 143.
 (./Report.aux (./0-Cover.aux) (./0-Agradecimientos.aux)
(./0-Resumen.aux) (./0-Summary.aux) (./1-Introduction.aux)
(./2-Infrastructure.aux) (./3-Digit_classifier.aux) (./4-Test_bench.aux)
(./5-Evaluation.aux) (./6-Conclusions.aux) (./7-Bibliography.aux))
Package atveryend Info: Executing hook `AtVeryEndDocument' on input line 143.
Package atveryend Info: Executing hook `AtEndAfterFileList' on input line 143.
Package rerunfilecheck Info: File `Report.out' has not changed.
(rerunfilecheck)             Checksum: A00921F4F530BABC851FF3C99747103A;3518.
Package logreq Info: Writing requests to 'Report.run.xml'.
\openout1 = `Report.run.xml'.

Package atveryend Info: Empty hook `AtVeryVeryEnd' on input line 143.
 )
(\end occurred when \iftrue on line 98 was incomplete) 
Here is how much of TeX's memory you used:
 22348 strings out of 494891
 346868 string characters out of 6179039
 774303 words of memory out of 5000000
 24572 multiletter control sequences out of 15000+600000
 91164 words of font info for 58 fonts, out of 8000000 for 9000
 40 hyphenation exceptions out of 8191
 46i,12n,79p,1963b,2056s stack positions out of 5000i,500n,10000p,200000b,80000s
{/usr/share/texmf/fonts/e
nc/dvips/lm/lm-rmsc.enc}{/usr/share/texmf/fonts/enc/dvips/lm/lm-rm.enc}{/usr/sh
are/texmf/fonts/enc/dvips/lm/lm-mathex.enc}{/usr/share/texmf/fonts/enc/dvips/lm
/lm-rmtt.enc}{/usr/share/texmf/fonts/enc/dvips/lm/lm-mathit.enc}{/usr/share/tex
mf/fonts/enc/dvips/lm/lm-mathsy.enc}</usr/share/texmf/fonts/type1/public/lm/lmb
x12.pfb></usr/share/texmf/fonts/type1/public/lm/lmbx6.pfb></usr/share/texmf/fon
ts/type1/public/lm/lmbxi10.pfb></usr/share/texmf/fonts/type1/public/lm/lmcsc10.
pfb></usr/share/texmf/fonts/type1/public/lm/lmex10.pfb></usr/share/texmf/fonts/
type1/public/lm/lmmi12.pfb></usr/share/texmf/fonts/type1/public/lm/lmmi8.pfb></
usr/share/texmf/fonts/type1/public/lm/lmr10.pfb></usr/share/texmf/fonts/type1/p
ublic/lm/lmr12.pfb></usr/share/texmf/fonts/type1/public/lm/lmr17.pfb></usr/shar
e/texmf/fonts/type1/public/lm/lmr7.pfb></usr/share/texmf/fonts/type1/public/lm/
lmr8.pfb></usr/share/texmf/fonts/type1/public/lm/lmri12.pfb></usr/share/texmf/f
onts/type1/public/lm/lmss12.pfb></usr/share/texmf/fonts/type1/public/lm/lmss17.
pfb></usr/share/texmf/fonts/type1/public/lm/lmssbx10.pfb></usr/share/texmf/font
s/type1/public/lm/lmsy10.pfb></usr/share/texmf/fonts/type1/public/lm/lmtt10.pfb
></usr/share/texmf/fonts/type1/public/lm/lmtt12.pfb>
Output written on Report.pdf (90 pages, 5382501 bytes).
PDF statistics:
 1846 PDF objects out of 2073 (max. 8388607)
 1642 compressed objects within 17 object streams
 565 named destinations out of 1000 (max. 500000)
 684 words of extra memory for PDF output out of 10000 (max. 10000000)

